<?xml version="1.0" encoding="UTF-8"?>
<testsuite xmlns:xsi="http://www.w3.org/2001/XMLSchema-instance" xsi:noNamespaceSchemaLocation="https://maven.apache.org/surefire/maven-surefire-plugin/xsd/surefire-test-report-3.0.xsd" version="3.0" name="TestSuite" time="172.203" tests="18" errors="0" skipped="0" failures="0">
  <properties>
    <property name="java.specification.version" value="20"/>
    <property name="sun.cpu.isalist" value="amd64"/>
    <property name="sun.jnu.encoding" value="Cp1254"/>
    <property name="java.class.path" value="C:\Users\90506\.m2\repository\org\apache\maven\surefire\surefire-shared-utils\3.1.0\surefire-shared-utils-3.1.0.jar;C:\Users\90506\.m2\repository\org\apache\maven\surefire\surefire-extensions-spi\3.1.0\surefire-extensions-spi-3.1.0.jar;C:\Users\90506\.m2\repository\org\apache\maven\surefire\surefire-api\3.1.0\surefire-api-3.1.0.jar;C:\Users\90506\.m2\repository\org\apache\maven\surefire\surefire-logger-api\3.1.0\surefire-logger-api-3.1.0.jar;C:\Users\90506\.m2\repository\org\apache\maven\surefire\surefire-booter\3.1.0\surefire-booter-3.1.0.jar;C:\Users\90506\Desktop\AmazonAutomationTestProject\target\test-classes;C:\Users\90506\Desktop\AmazonAutomationTestProject\target\classes;C:\Users\90506\.m2\repository\org\seleniumhq\selenium\selenium-java\4.8.1\selenium-java-4.8.1.jar;C:\Users\90506\.m2\repository\org\seleniumhq\selenium\selenium-api\4.8.1\selenium-api-4.8.1.jar;C:\Users\90506\.m2\repository\org\seleniumhq\selenium\selenium-chrome-driver\4.8.1\selenium-chrome-driver-4.8.1.jar;C:\Users\90506\.m2\repository\com\google\auto\service\auto-service-annotations\1.0.1\auto-service-annotations-1.0.1.jar;C:\Users\90506\.m2\repository\com\google\auto\service\auto-service\1.0.1\auto-service-1.0.1.jar;C:\Users\90506\.m2\repository\com\google\auto\auto-common\1.2\auto-common-1.2.jar;C:\Users\90506\.m2\repository\org\seleniumhq\selenium\selenium-chromium-driver\4.8.1\selenium-chromium-driver-4.8.1.jar;C:\Users\90506\.m2\repository\org\seleniumhq\selenium\selenium-json\4.8.1\selenium-json-4.8.1.jar;C:\Users\90506\.m2\repository\org\seleniumhq\selenium\selenium-devtools-v108\4.8.1\selenium-devtools-v108-4.8.1.jar;C:\Users\90506\.m2\repository\org\seleniumhq\selenium\selenium-devtools-v109\4.8.1\selenium-devtools-v109-4.8.1.jar;C:\Users\90506\.m2\repository\org\seleniumhq\selenium\selenium-devtools-v110\4.8.1\selenium-devtools-v110-4.8.1.jar;C:\Users\90506\.m2\repository\org\seleniumhq\selenium\selenium-devtools-v85\4.8.1\selenium-devtools-v85-4.8.1.jar;C:\Users\90506\.m2\repository\org\seleniumhq\selenium\selenium-edge-driver\4.8.1\selenium-edge-driver-4.8.1.jar;C:\Users\90506\.m2\repository\org\seleniumhq\selenium\selenium-firefox-driver\4.8.1\selenium-firefox-driver-4.8.1.jar;C:\Users\90506\.m2\repository\org\seleniumhq\selenium\selenium-http\4.8.1\selenium-http-4.8.1.jar;C:\Users\90506\.m2\repository\dev\failsafe\failsafe\3.3.0\failsafe-3.3.0.jar;C:\Users\90506\.m2\repository\org\seleniumhq\selenium\selenium-ie-driver\4.8.1\selenium-ie-driver-4.8.1.jar;C:\Users\90506\.m2\repository\org\seleniumhq\selenium\selenium-remote-driver\4.8.1\selenium-remote-driver-4.8.1.jar;C:\Users\90506\.m2\repository\io\netty\netty-buffer\4.1.87.Final\netty-buffer-4.1.87.Final.jar;C:\Users\90506\.m2\repository\io\netty\netty-codec-http\4.1.87.Final\netty-codec-http-4.1.87.Final.jar;C:\Users\90506\.m2\repository\io\netty\netty-codec\4.1.87.Final\netty-codec-4.1.87.Final.jar;C:\Users\90506\.m2\repository\io\netty\netty-handler\4.1.87.Final\netty-handler-4.1.87.Final.jar;C:\Users\90506\.m2\repository\io\netty\netty-common\4.1.87.Final\netty-common-4.1.87.Final.jar;C:\Users\90506\.m2\repository\io\netty\netty-transport-classes-epoll\4.1.87.Final\netty-transport-classes-epoll-4.1.87.Final.jar;C:\Users\90506\.m2\repository\io\netty\netty-transport-classes-kqueue\4.1.87.Final\netty-transport-classes-kqueue-4.1.87.Final.jar;C:\Users\90506\.m2\repository\io\netty\netty-transport-native-epoll\4.1.87.Final\netty-transport-native-epoll-4.1.87.Final.jar;C:\Users\90506\.m2\repository\io\netty\netty-transport-native-kqueue\4.1.87.Final\netty-transport-native-kqueue-4.1.87.Final.jar;C:\Users\90506\.m2\repository\io\netty\netty-transport-native-unix-common\4.1.87.Final\netty-transport-native-unix-common-4.1.87.Final.jar;C:\Users\90506\.m2\repository\io\netty\netty-transport\4.1.87.Final\netty-transport-4.1.87.Final.jar;C:\Users\90506\.m2\repository\io\netty\netty-resolver\4.1.87.Final\netty-resolver-4.1.87.Final.jar;C:\Users\90506\.m2\repository\io\opentelemetry\opentelemetry-api\1.22.0\opentelemetry-api-1.22.0.jar;C:\Users\90506\.m2\repository\io\opentelemetry\opentelemetry-context\1.22.0\opentelemetry-context-1.22.0.jar;C:\Users\90506\.m2\repository\io\opentelemetry\opentelemetry-exporter-logging\1.22.0\opentelemetry-exporter-logging-1.22.0.jar;C:\Users\90506\.m2\repository\io\opentelemetry\opentelemetry-sdk-metrics\1.22.0\opentelemetry-sdk-metrics-1.22.0.jar;C:\Users\90506\.m2\repository\io\opentelemetry\opentelemetry-sdk-logs\1.22.0-alpha\opentelemetry-sdk-logs-1.22.0-alpha.jar;C:\Users\90506\.m2\repository\io\opentelemetry\opentelemetry-api-logs\1.22.0-alpha\opentelemetry-api-logs-1.22.0-alpha.jar;C:\Users\90506\.m2\repository\io\opentelemetry\opentelemetry-sdk-common\1.22.0\opentelemetry-sdk-common-1.22.0.jar;C:\Users\90506\.m2\repository\io\opentelemetry\opentelemetry-sdk-extension-autoconfigure-spi\1.22.0\opentelemetry-sdk-extension-autoconfigure-spi-1.22.0.jar;C:\Users\90506\.m2\repository\io\opentelemetry\opentelemetry-sdk-extension-autoconfigure\1.22.0-alpha\opentelemetry-sdk-extension-autoconfigure-1.22.0-alpha.jar;C:\Users\90506\.m2\repository\io\opentelemetry\opentelemetry-sdk-trace\1.22.0\opentelemetry-sdk-trace-1.22.0.jar;C:\Users\90506\.m2\repository\io\opentelemetry\opentelemetry-sdk\1.22.0\opentelemetry-sdk-1.22.0.jar;C:\Users\90506\.m2\repository\io\opentelemetry\opentelemetry-semconv\1.22.0-alpha\opentelemetry-semconv-1.22.0-alpha.jar;C:\Users\90506\.m2\repository\io\ous\jtoml\2.0.0\jtoml-2.0.0.jar;C:\Users\90506\.m2\repository\net\bytebuddy\byte-buddy\1.12.22\byte-buddy-1.12.22.jar;C:\Users\90506\.m2\repository\org\apache\commons\commons-exec\1.3\commons-exec-1.3.jar;C:\Users\90506\.m2\repository\org\asynchttpclient\async-http-client\2.12.3\async-http-client-2.12.3.jar;C:\Users\90506\.m2\repository\org\asynchttpclient\async-http-client-netty-utils\2.12.3\async-http-client-netty-utils-2.12.3.jar;C:\Users\90506\.m2\repository\io\netty\netty-codec-socks\4.1.60.Final\netty-codec-socks-4.1.60.Final.jar;C:\Users\90506\.m2\repository\io\netty\netty-handler-proxy\4.1.60.Final\netty-handler-proxy-4.1.60.Final.jar;C:\Users\90506\.m2\repository\io\netty\netty-transport-native-epoll\4.1.60.Final\netty-transport-native-epoll-4.1.60.Final-linux-x86_64.jar;C:\Users\90506\.m2\repository\io\netty\netty-transport-native-kqueue\4.1.60.Final\netty-transport-native-kqueue-4.1.60.Final-osx-x86_64.jar;C:\Users\90506\.m2\repository\org\reactivestreams\reactive-streams\1.0.3\reactive-streams-1.0.3.jar;C:\Users\90506\.m2\repository\com\typesafe\netty\netty-reactive-streams\2.0.4\netty-reactive-streams-2.0.4.jar;C:\Users\90506\.m2\repository\com\sun\activation\jakarta.activation\1.2.2\jakarta.activation-1.2.2.jar;C:\Users\90506\.m2\repository\org\seleniumhq\selenium\selenium-manager\4.8.1\selenium-manager-4.8.1.jar;C:\Users\90506\.m2\repository\org\seleniumhq\selenium\selenium-safari-driver\4.8.1\selenium-safari-driver-4.8.1.jar;C:\Users\90506\.m2\repository\org\seleniumhq\selenium\selenium-support\4.8.1\selenium-support-4.8.1.jar;C:\Users\90506\.m2\repository\org\testng\testng\7.7.1\testng-7.7.1.jar;C:\Users\90506\.m2\repository\org\slf4j\slf4j-api\1.7.36\slf4j-api-1.7.36.jar;C:\Users\90506\.m2\repository\com\beust\jcommander\1.82\jcommander-1.82.jar;C:\Users\90506\.m2\repository\org\webjars\jquery\3.6.1\jquery-3.6.1.jar;C:\Users\90506\.m2\repository\junit\junit\4.13\junit-4.13.jar;C:\Users\90506\.m2\repository\org\hamcrest\hamcrest-core\1.3\hamcrest-core-1.3.jar;C:\Users\90506\.m2\repository\io\qameta\allure\allure-testng\2.21.0\allure-testng-2.21.0.jar;C:\Users\90506\.m2\repository\io\qameta\allure\allure-java-commons\2.21.0\allure-java-commons-2.21.0.jar;C:\Users\90506\.m2\repository\io\qameta\allure\allure-model\2.21.0\allure-model-2.21.0.jar;C:\Users\90506\.m2\repository\io\qameta\allure\allure-test-filter\2.21.0\allure-test-filter-2.21.0.jar;C:\Users\90506\.m2\repository\org\aspectj\aspectjweaver\1.9.4\aspectjweaver-1.9.4.jar;C:\Users\90506\.m2\repository\com\thoughtworks\gauge\maven\gauge-archetype-selenium\1.5.9\gauge-archetype-selenium-1.5.9.jar;C:\Users\90506\.m2\repository\com\thoughtworks\gauge\gauge-java\0.9.2\gauge-java-0.9.2.jar;C:\Users\90506\.m2\repository\org\assertj\assertj-core\3.22.0\assertj-core-3.22.0.jar;C:\Users\90506\.m2\repository\org\reflections\reflections\0.10.2\reflections-0.10.2.jar;C:\Users\90506\.m2\repository\org\javassist\javassist\3.28.0-GA\javassist-3.28.0-GA.jar;C:\Users\90506\.m2\repository\com\google\code\findbugs\jsr305\3.0.2\jsr305-3.0.2.jar;C:\Users\90506\.m2\repository\com\github\javaparser\javaparser-core\3.16.3\javaparser-core-3.16.3.jar;C:\Users\90506\.m2\repository\commons-io\commons-io\2.11.0\commons-io-2.11.0.jar;C:\Users\90506\.m2\repository\commons-lang\commons-lang\2.6\commons-lang-2.6.jar;C:\Users\90506\.m2\repository\org\json\json\20220320\json-20220320.jar;C:\Users\90506\.m2\repository\com\google\protobuf\protobuf-java\3.19.4\protobuf-java-3.19.4.jar;C:\Users\90506\.m2\repository\com\google\guava\guava\31.0.1-jre\guava-31.0.1-jre.jar;C:\Users\90506\.m2\repository\com\google\guava\failureaccess\1.0.1\failureaccess-1.0.1.jar;C:\Users\90506\.m2\repository\com\google\guava\listenablefuture\9999.0-empty-to-avoid-conflict-with-guava\listenablefuture-9999.0-empty-to-avoid-conflict-with-guava.jar;C:\Users\90506\.m2\repository\org\checkerframework\checker-qual\3.12.0\checker-qual-3.12.0.jar;C:\Users\90506\.m2\repository\com\google\errorprone\error_prone_annotations\2.7.1\error_prone_annotations-2.7.1.jar;C:\Users\90506\.m2\repository\com\google\j2objc\j2objc-annotations\1.3\j2objc-annotations-1.3.jar;C:\Users\90506\.m2\repository\io\grpc\grpc-netty-shaded\1.41.2\grpc-netty-shaded-1.41.2.jar;C:\Users\90506\.m2\repository\io\perfmark\perfmark-api\0.23.0\perfmark-api-0.23.0.jar;C:\Users\90506\.m2\repository\io\grpc\grpc-core\1.41.2\grpc-core-1.41.2.jar;C:\Users\90506\.m2\repository\com\google\code\gson\gson\2.8.6\gson-2.8.6.jar;C:\Users\90506\.m2\repository\com\google\android\annotations\4.1.1.4\annotations-4.1.1.4.jar;C:\Users\90506\.m2\repository\org\codehaus\mojo\animal-sniffer-annotations\1.19\animal-sniffer-annotations-1.19.jar;C:\Users\90506\.m2\repository\io\grpc\grpc-protobuf\1.41.2\grpc-protobuf-1.41.2.jar;C:\Users\90506\.m2\repository\io\grpc\grpc-api\1.41.2\grpc-api-1.41.2.jar;C:\Users\90506\.m2\repository\io\grpc\grpc-context\1.41.2\grpc-context-1.41.2.jar;C:\Users\90506\.m2\repository\com\google\api\grpc\proto-google-common-protos\2.0.1\proto-google-common-protos-2.0.1.jar;C:\Users\90506\.m2\repository\io\grpc\grpc-protobuf-lite\1.41.2\grpc-protobuf-lite-1.41.2.jar;C:\Users\90506\.m2\repository\io\grpc\grpc-stub\1.41.2\grpc-stub-1.41.2.jar;C:\Users\90506\.m2\repository\javax\annotation\javax.annotation-api\1.3.2\javax.annotation-api-1.3.2.jar;C:\Users\90506\.m2\repository\org\slf4j\slf4j-simple\1.6.2\slf4j-simple-1.6.2.jar;C:\Users\90506\.m2\repository\org\apache\logging\log4j\log4j-core\2.20.0\log4j-core-2.20.0.jar;C:\Users\90506\.m2\repository\org\apache\logging\log4j\log4j-api\2.20.0\log4j-api-2.20.0.jar;C:\Users\90506\.m2\repository\org\apache\maven\surefire\surefire-testng\3.1.0\surefire-testng-3.1.0.jar;C:\Users\90506\.m2\repository\org\apache\maven\surefire\common-java5\3.1.0\common-java5-3.1.0.jar;C:\Users\90506\.m2\repository\org\apache\maven\surefire\surefire-grouper\3.1.0\surefire-grouper-3.1.0.jar;C:\Users\90506\.m2\repository\org\apache\maven\surefire\surefire-testng-utils\3.1.0\surefire-testng-utils-3.1.0.jar"/>
    <property name="java.vm.vendor" value="Oracle Corporation"/>
    <property name="sun.arch.data.model" value="64"/>
    <property name="user.variant" value=""/>
    <property name="java.vendor.url" value="https://java.oracle.com/"/>
    <property name="user.timezone" value="Europe/Istanbul"/>
    <property name="os.name" value="Windows 11"/>
    <property name="java.vm.specification.version" value="20"/>
    <property name="sun.java.launcher" value="SUN_STANDARD"/>
    <property name="user.country" value="TR"/>
    <property name="sun.boot.library.path" value="C:\Program Files\Java\jdk-20\bin"/>
    <property name="sun.java.command" value="org.apache.maven.surefire.booter.ForkedBooter C:\Users\90506\AppData\Local\Temp\surefire3151462485602748539 2023-06-13T11-27-32_237-jvmRun1 surefire-20230613112732358_1tmp surefire_0-20230613112732358_2tmp"/>
    <property name="jdk.debug" value="release"/>
    <property name="surefire.test.class.path" value="C:\Users\90506\Desktop\AmazonAutomationTestProject\target\test-classes;C:\Users\90506\Desktop\AmazonAutomationTestProject\target\classes;C:\Users\90506\.m2\repository\org\seleniumhq\selenium\selenium-java\4.8.1\selenium-java-4.8.1.jar;C:\Users\90506\.m2\repository\org\seleniumhq\selenium\selenium-api\4.8.1\selenium-api-4.8.1.jar;C:\Users\90506\.m2\repository\org\seleniumhq\selenium\selenium-chrome-driver\4.8.1\selenium-chrome-driver-4.8.1.jar;C:\Users\90506\.m2\repository\com\google\auto\service\auto-service-annotations\1.0.1\auto-service-annotations-1.0.1.jar;C:\Users\90506\.m2\repository\com\google\auto\service\auto-service\1.0.1\auto-service-1.0.1.jar;C:\Users\90506\.m2\repository\com\google\auto\auto-common\1.2\auto-common-1.2.jar;C:\Users\90506\.m2\repository\org\seleniumhq\selenium\selenium-chromium-driver\4.8.1\selenium-chromium-driver-4.8.1.jar;C:\Users\90506\.m2\repository\org\seleniumhq\selenium\selenium-json\4.8.1\selenium-json-4.8.1.jar;C:\Users\90506\.m2\repository\org\seleniumhq\selenium\selenium-devtools-v108\4.8.1\selenium-devtools-v108-4.8.1.jar;C:\Users\90506\.m2\repository\org\seleniumhq\selenium\selenium-devtools-v109\4.8.1\selenium-devtools-v109-4.8.1.jar;C:\Users\90506\.m2\repository\org\seleniumhq\selenium\selenium-devtools-v110\4.8.1\selenium-devtools-v110-4.8.1.jar;C:\Users\90506\.m2\repository\org\seleniumhq\selenium\selenium-devtools-v85\4.8.1\selenium-devtools-v85-4.8.1.jar;C:\Users\90506\.m2\repository\org\seleniumhq\selenium\selenium-edge-driver\4.8.1\selenium-edge-driver-4.8.1.jar;C:\Users\90506\.m2\repository\org\seleniumhq\selenium\selenium-firefox-driver\4.8.1\selenium-firefox-driver-4.8.1.jar;C:\Users\90506\.m2\repository\org\seleniumhq\selenium\selenium-http\4.8.1\selenium-http-4.8.1.jar;C:\Users\90506\.m2\repository\dev\failsafe\failsafe\3.3.0\failsafe-3.3.0.jar;C:\Users\90506\.m2\repository\org\seleniumhq\selenium\selenium-ie-driver\4.8.1\selenium-ie-driver-4.8.1.jar;C:\Users\90506\.m2\repository\org\seleniumhq\selenium\selenium-remote-driver\4.8.1\selenium-remote-driver-4.8.1.jar;C:\Users\90506\.m2\repository\io\netty\netty-buffer\4.1.87.Final\netty-buffer-4.1.87.Final.jar;C:\Users\90506\.m2\repository\io\netty\netty-codec-http\4.1.87.Final\netty-codec-http-4.1.87.Final.jar;C:\Users\90506\.m2\repository\io\netty\netty-codec\4.1.87.Final\netty-codec-4.1.87.Final.jar;C:\Users\90506\.m2\repository\io\netty\netty-handler\4.1.87.Final\netty-handler-4.1.87.Final.jar;C:\Users\90506\.m2\repository\io\netty\netty-common\4.1.87.Final\netty-common-4.1.87.Final.jar;C:\Users\90506\.m2\repository\io\netty\netty-transport-classes-epoll\4.1.87.Final\netty-transport-classes-epoll-4.1.87.Final.jar;C:\Users\90506\.m2\repository\io\netty\netty-transport-classes-kqueue\4.1.87.Final\netty-transport-classes-kqueue-4.1.87.Final.jar;C:\Users\90506\.m2\repository\io\netty\netty-transport-native-epoll\4.1.87.Final\netty-transport-native-epoll-4.1.87.Final.jar;C:\Users\90506\.m2\repository\io\netty\netty-transport-native-kqueue\4.1.87.Final\netty-transport-native-kqueue-4.1.87.Final.jar;C:\Users\90506\.m2\repository\io\netty\netty-transport-native-unix-common\4.1.87.Final\netty-transport-native-unix-common-4.1.87.Final.jar;C:\Users\90506\.m2\repository\io\netty\netty-transport\4.1.87.Final\netty-transport-4.1.87.Final.jar;C:\Users\90506\.m2\repository\io\netty\netty-resolver\4.1.87.Final\netty-resolver-4.1.87.Final.jar;C:\Users\90506\.m2\repository\io\opentelemetry\opentelemetry-api\1.22.0\opentelemetry-api-1.22.0.jar;C:\Users\90506\.m2\repository\io\opentelemetry\opentelemetry-context\1.22.0\opentelemetry-context-1.22.0.jar;C:\Users\90506\.m2\repository\io\opentelemetry\opentelemetry-exporter-logging\1.22.0\opentelemetry-exporter-logging-1.22.0.jar;C:\Users\90506\.m2\repository\io\opentelemetry\opentelemetry-sdk-metrics\1.22.0\opentelemetry-sdk-metrics-1.22.0.jar;C:\Users\90506\.m2\repository\io\opentelemetry\opentelemetry-sdk-logs\1.22.0-alpha\opentelemetry-sdk-logs-1.22.0-alpha.jar;C:\Users\90506\.m2\repository\io\opentelemetry\opentelemetry-api-logs\1.22.0-alpha\opentelemetry-api-logs-1.22.0-alpha.jar;C:\Users\90506\.m2\repository\io\opentelemetry\opentelemetry-sdk-common\1.22.0\opentelemetry-sdk-common-1.22.0.jar;C:\Users\90506\.m2\repository\io\opentelemetry\opentelemetry-sdk-extension-autoconfigure-spi\1.22.0\opentelemetry-sdk-extension-autoconfigure-spi-1.22.0.jar;C:\Users\90506\.m2\repository\io\opentelemetry\opentelemetry-sdk-extension-autoconfigure\1.22.0-alpha\opentelemetry-sdk-extension-autoconfigure-1.22.0-alpha.jar;C:\Users\90506\.m2\repository\io\opentelemetry\opentelemetry-sdk-trace\1.22.0\opentelemetry-sdk-trace-1.22.0.jar;C:\Users\90506\.m2\repository\io\opentelemetry\opentelemetry-sdk\1.22.0\opentelemetry-sdk-1.22.0.jar;C:\Users\90506\.m2\repository\io\opentelemetry\opentelemetry-semconv\1.22.0-alpha\opentelemetry-semconv-1.22.0-alpha.jar;C:\Users\90506\.m2\repository\io\ous\jtoml\2.0.0\jtoml-2.0.0.jar;C:\Users\90506\.m2\repository\net\bytebuddy\byte-buddy\1.12.22\byte-buddy-1.12.22.jar;C:\Users\90506\.m2\repository\org\apache\commons\commons-exec\1.3\commons-exec-1.3.jar;C:\Users\90506\.m2\repository\org\asynchttpclient\async-http-client\2.12.3\async-http-client-2.12.3.jar;C:\Users\90506\.m2\repository\org\asynchttpclient\async-http-client-netty-utils\2.12.3\async-http-client-netty-utils-2.12.3.jar;C:\Users\90506\.m2\repository\io\netty\netty-codec-socks\4.1.60.Final\netty-codec-socks-4.1.60.Final.jar;C:\Users\90506\.m2\repository\io\netty\netty-handler-proxy\4.1.60.Final\netty-handler-proxy-4.1.60.Final.jar;C:\Users\90506\.m2\repository\io\netty\netty-transport-native-epoll\4.1.60.Final\netty-transport-native-epoll-4.1.60.Final-linux-x86_64.jar;C:\Users\90506\.m2\repository\io\netty\netty-transport-native-kqueue\4.1.60.Final\netty-transport-native-kqueue-4.1.60.Final-osx-x86_64.jar;C:\Users\90506\.m2\repository\org\reactivestreams\reactive-streams\1.0.3\reactive-streams-1.0.3.jar;C:\Users\90506\.m2\repository\com\typesafe\netty\netty-reactive-streams\2.0.4\netty-reactive-streams-2.0.4.jar;C:\Users\90506\.m2\repository\com\sun\activation\jakarta.activation\1.2.2\jakarta.activation-1.2.2.jar;C:\Users\90506\.m2\repository\org\seleniumhq\selenium\selenium-manager\4.8.1\selenium-manager-4.8.1.jar;C:\Users\90506\.m2\repository\org\seleniumhq\selenium\selenium-safari-driver\4.8.1\selenium-safari-driver-4.8.1.jar;C:\Users\90506\.m2\repository\org\seleniumhq\selenium\selenium-support\4.8.1\selenium-support-4.8.1.jar;C:\Users\90506\.m2\repository\org\testng\testng\7.7.1\testng-7.7.1.jar;C:\Users\90506\.m2\repository\org\slf4j\slf4j-api\1.7.36\slf4j-api-1.7.36.jar;C:\Users\90506\.m2\repository\com\beust\jcommander\1.82\jcommander-1.82.jar;C:\Users\90506\.m2\repository\org\webjars\jquery\3.6.1\jquery-3.6.1.jar;C:\Users\90506\.m2\repository\junit\junit\4.13\junit-4.13.jar;C:\Users\90506\.m2\repository\org\hamcrest\hamcrest-core\1.3\hamcrest-core-1.3.jar;C:\Users\90506\.m2\repository\io\qameta\allure\allure-testng\2.21.0\allure-testng-2.21.0.jar;C:\Users\90506\.m2\repository\io\qameta\allure\allure-java-commons\2.21.0\allure-java-commons-2.21.0.jar;C:\Users\90506\.m2\repository\io\qameta\allure\allure-model\2.21.0\allure-model-2.21.0.jar;C:\Users\90506\.m2\repository\io\qameta\allure\allure-test-filter\2.21.0\allure-test-filter-2.21.0.jar;C:\Users\90506\.m2\repository\org\aspectj\aspectjweaver\1.9.4\aspectjweaver-1.9.4.jar;C:\Users\90506\.m2\repository\com\thoughtworks\gauge\maven\gauge-archetype-selenium\1.5.9\gauge-archetype-selenium-1.5.9.jar;C:\Users\90506\.m2\repository\com\thoughtworks\gauge\gauge-java\0.9.2\gauge-java-0.9.2.jar;C:\Users\90506\.m2\repository\org\assertj\assertj-core\3.22.0\assertj-core-3.22.0.jar;C:\Users\90506\.m2\repository\org\reflections\reflections\0.10.2\reflections-0.10.2.jar;C:\Users\90506\.m2\repository\org\javassist\javassist\3.28.0-GA\javassist-3.28.0-GA.jar;C:\Users\90506\.m2\repository\com\google\code\findbugs\jsr305\3.0.2\jsr305-3.0.2.jar;C:\Users\90506\.m2\repository\com\github\javaparser\javaparser-core\3.16.3\javaparser-core-3.16.3.jar;C:\Users\90506\.m2\repository\commons-io\commons-io\2.11.0\commons-io-2.11.0.jar;C:\Users\90506\.m2\repository\commons-lang\commons-lang\2.6\commons-lang-2.6.jar;C:\Users\90506\.m2\repository\org\json\json\20220320\json-20220320.jar;C:\Users\90506\.m2\repository\com\google\protobuf\protobuf-java\3.19.4\protobuf-java-3.19.4.jar;C:\Users\90506\.m2\repository\com\google\guava\guava\31.0.1-jre\guava-31.0.1-jre.jar;C:\Users\90506\.m2\repository\com\google\guava\failureaccess\1.0.1\failureaccess-1.0.1.jar;C:\Users\90506\.m2\repository\com\google\guava\listenablefuture\9999.0-empty-to-avoid-conflict-with-guava\listenablefuture-9999.0-empty-to-avoid-conflict-with-guava.jar;C:\Users\90506\.m2\repository\org\checkerframework\checker-qual\3.12.0\checker-qual-3.12.0.jar;C:\Users\90506\.m2\repository\com\google\errorprone\error_prone_annotations\2.7.1\error_prone_annotations-2.7.1.jar;C:\Users\90506\.m2\repository\com\google\j2objc\j2objc-annotations\1.3\j2objc-annotations-1.3.jar;C:\Users\90506\.m2\repository\io\grpc\grpc-netty-shaded\1.41.2\grpc-netty-shaded-1.41.2.jar;C:\Users\90506\.m2\repository\io\perfmark\perfmark-api\0.23.0\perfmark-api-0.23.0.jar;C:\Users\90506\.m2\repository\io\grpc\grpc-core\1.41.2\grpc-core-1.41.2.jar;C:\Users\90506\.m2\repository\com\google\code\gson\gson\2.8.6\gson-2.8.6.jar;C:\Users\90506\.m2\repository\com\google\android\annotations\4.1.1.4\annotations-4.1.1.4.jar;C:\Users\90506\.m2\repository\org\codehaus\mojo\animal-sniffer-annotations\1.19\animal-sniffer-annotations-1.19.jar;C:\Users\90506\.m2\repository\io\grpc\grpc-protobuf\1.41.2\grpc-protobuf-1.41.2.jar;C:\Users\90506\.m2\repository\io\grpc\grpc-api\1.41.2\grpc-api-1.41.2.jar;C:\Users\90506\.m2\repository\io\grpc\grpc-context\1.41.2\grpc-context-1.41.2.jar;C:\Users\90506\.m2\repository\com\google\api\grpc\proto-google-common-protos\2.0.1\proto-google-common-protos-2.0.1.jar;C:\Users\90506\.m2\repository\io\grpc\grpc-protobuf-lite\1.41.2\grpc-protobuf-lite-1.41.2.jar;C:\Users\90506\.m2\repository\io\grpc\grpc-stub\1.41.2\grpc-stub-1.41.2.jar;C:\Users\90506\.m2\repository\javax\annotation\javax.annotation-api\1.3.2\javax.annotation-api-1.3.2.jar;C:\Users\90506\.m2\repository\org\slf4j\slf4j-simple\1.6.2\slf4j-simple-1.6.2.jar;C:\Users\90506\.m2\repository\org\apache\logging\log4j\log4j-core\2.20.0\log4j-core-2.20.0.jar;C:\Users\90506\.m2\repository\org\apache\logging\log4j\log4j-api\2.20.0\log4j-api-2.20.0.jar;"/>
    <property name="Webdriver.geck.drive" value="drivers/geckdriver"/>
    <property name="sun.cpu.endian" value="little"/>
    <property name="user.home" value="C:\Users\90506"/>
    <property name="user.language" value="tr"/>
    <property name="java.specification.vendor" value="Oracle Corporation"/>
    <property name="java.version.date" value="2023-04-18"/>
    <property name="java.home" value="C:\Program Files\Java\jdk-20"/>
    <property name="file.separator" value="\"/>
    <property name="basedir" value="C:\Users\90506\Desktop\AmazonAutomationTestProject"/>
    <property name="java.vm.compressedOopsMode" value="Zero based"/>
    <property name="line.separator" value="&#10;"/>
    <property name="java.vm.specification.vendor" value="Oracle Corporation"/>
    <property name="java.specification.name" value="Java Platform API Specification"/>
    <property name="user.script" value=""/>
    <property name="sun.management.compiler" value="HotSpot 64-Bit Tiered Compilers"/>
    <property name="java.runtime.version" value="20.0.1+9-29"/>
    <property name="user.name" value="90506"/>
    <property name="stdout.encoding" value="Cp1254"/>
    <property name="path.separator" value=";"/>
    <property name="os.version" value="10.0"/>
    <property name="java.runtime.name" value="Java(TM) SE Runtime Environment"/>
    <property name="file.encoding" value="UTF-8"/>
    <property name="java.vm.name" value="Java HotSpot(TM) 64-Bit Server VM"/>
    <property name="localRepository" value="C:\Users\90506\.m2\repository"/>
    <property name="java.vendor.url.bug" value="https://bugreport.java.com/bugreport/"/>
    <property name="java.io.tmpdir" value="C:\Users\90506\AppData\Local\Temp\"/>
    <property name="java.version" value="20.0.1"/>
    <property name="user.dir" value="C:\Users\90506\Desktop\AmazonAutomationTestProject"/>
    <property name="os.arch" value="amd64"/>
    <property name="java.vm.specification.name" value="Java Virtual Machine Specification"/>
    <property name="sun.os.patch.level" value=""/>
    <property name="native.encoding" value="Cp1254"/>
    <property name="java.library.path" value="C:\Program Files\Java\jdk-20\bin;C:\WINDOWS\Sun\Java\bin;C:\WINDOWS\system32;C:\WINDOWS;C:\Program Files\Common Files\Oracle\Java\javapath;C:\Program Files (x86)\Common Files\Oracle\Java\javapath;C:\WINDOWS\system32;C:\WINDOWS;C:\WINDOWS\System32\Wbem;C:\WINDOWS\System32\WindowsPowerShell\v1.0\;C:\WINDOWS\System32\OpenSSH\;C:\Program Files\nodejs\;C:\Program Files\Git\cmd;C:\Program Files\allure-reports\bin;C:\Program Files\apache-maven\bin;C:\Program Files\Gauge\bin;C:\Program Files (x86)\Microsoft SQL Server\160\Tools\Binn\;C:\Program Files\Microsoft SQL Server\160\Tools\Binn\;C:\Program Files\Microsoft SQL Server\Client SDK\ODBC\170\Tools\Binn\;C:\Program Files\Microsoft SQL Server\160\DTS\Binn\;C:\Program Files (x86)\Microsoft SQL Server\160\DTS\Binn\;C:\Program Files\Azure Data Studio\bin;C:\Users\90506\AppData\Local\Programs\Python\Python311;C:\Users\90506\AppData\Local\Programs\Python\Python311\Scripts;C:\Program Files\Gauge\bin;C:\Program Files\MySQL\MySQL Shell 8.0\bin\;C:\Users\90506\AppData\Local\Microsoft\WindowsApps;C:\Users\90506\AppData\Local\Programs\Microsoft VS Code\bin;C:\Program Files\JetBrains\IntelliJ IDEA Community Edition 2023.1\bin;C:\Users\90506\AppData\Roaming\npm;."/>
    <property name="java.vm.info" value="mixed mode, sharing"/>
    <property name="stderr.encoding" value="Cp1254"/>
    <property name="java.vendor" value="Oracle Corporation"/>
    <property name="java.vm.version" value="20.0.1+9-29"/>
    <property name="sun.io.unicode.encoding" value="UnicodeLittle"/>
    <property name="java.class.version" value="64.0"/>
  </properties>
  <testcase name="TC0015" classname="AccountPageTest" time="4.434">
    <system-out><![CDATA[Initialising Automated Test Runs 
Windows 11 / Firefox
Yeni müşteri misiniz? Üye olun.
]]></system-out>
    <system-err><![CDATA[1686644854961	geckodriver	INFO	Listening on 127.0.0.1:43657
1686644855402	mozrunner::runner	INFO	Running command: "C:\\Program Files\\Mozilla Firefox\\firefox.exe" "--marionette" "--remote-debugging-port" "23704" "--remote ... localhost:23704/,http://[::1]:23704/" "-no-remote" "-profile" "C:\\Users\\90506\\AppData\\Local\\Temp\\rust_mozprofileSjdfDM"
console.warn: services.settings: Ignoring preference override of remote settings server
console.warn: services.settings: Allow by setting MOZ_REMOTE_SETTINGS_DEVTOOLS=1 in the environment
1686644855708	Marionette	INFO	Marionette enabled
Dynamically enable window occlusion 0
1686644855712	Marionette	INFO	Listening on port 54159
Read port: 54159
WebDriver BiDi listening on ws://127.0.0.1:23704
1686644855819	RemoteAgent	WARN	TLS certificate errors will be ignored for this session
DevTools listening on ws://127.0.0.1:23704/devtools/browser/6efbe0c1-cb76-4723-ae81-c0e9b71c23c7
]]></system-err>
  </testcase>
  <testcase name="TC0016" classname="AccountPageTest" time="4.386">
    <system-out><![CDATA[Yeni müşteri misiniz? Üye olun.
]]></system-out>
    <system-err><![CDATA[console.warn: LoginRecipes: "Falling back to a synchronous message for: https://www.amazon.com.tr."
console.warn: LoginRecipes: "Falling back to a synchronous message for: https://www.amazon.com.tr."
]]></system-err>
  </testcase>
  <testcase name="TC0017" classname="AccountPageTest" time="4.349">
    <system-out><![CDATA[Yeni müşteri misiniz? Üye olun.
]]></system-out>
    <system-err><![CDATA[console.warn: LoginRecipes: "Falling back to a synchronous message for: https://www.amazon.com.tr."
]]></system-err>
  </testcase>
  <testcase name="TC0018" classname="AccountPageTest" time="4.44">
    <system-out><![CDATA[Yeni müşteri misiniz? Üye olun.
]]></system-out>
    <system-err><![CDATA[console.warn: LoginRecipes: "Falling back to a synchronous message for: https://www.amazon.com.tr."
]]></system-err>
  </testcase>
  <testcase name="TC0001" classname="HomePageTest" time="3.3">
    <system-out><![CDATA[Yeni müşteri misiniz? Üye olun.
]]></system-out>
  </testcase>
  <testcase name="TC0002" classname="HomePageTest" time="7.598">
    <system-err><![CDATA[console.warn: LoginRecipes: "Falling back to a synchronous message for: https://www.amazon.com.tr."
JavaScript warning: https://images-eu.ssl-images-amazon.com/images/I/81Vsezt3E-L.js?AUIClients/FWCIMAssets, line 298: WEBGL_debug_renderer_info is deprecated in Firefox and will be removed. Please use RENDERER.
]]></system-err>
  </testcase>
  <testcase name="TC0003" classname="HomePageTest" time="4.87">
    <system-err><![CDATA[console.warn: LoginRecipes: "Falling back to a synchronous message for: https://www.amazon.com.tr."
JavaScript warning: https://images-eu.ssl-images-amazon.com/images/I/81Vsezt3E-L.js?AUIClients/FWCIMAssets, line 298: WEBGL_debug_renderer_info is deprecated in Firefox and will be removed. Please use RENDERER.
]]></system-err>
  </testcase>
  <testcase name="TC0004" classname="HomePageTest" time="6.821">
    <system-err><![CDATA[console.warn: LoginRecipes: "Falling back to a synchronous message for: https://www.amazon.com.tr."
JavaScript warning: https://images-eu.ssl-images-amazon.com/images/I/81Vsezt3E-L.js?AUIClients/FWCIMAssets, line 298: WEBGL_debug_renderer_info is deprecated in Firefox and will be removed. Please use RENDERER.
]]></system-err>
  </testcase>
  <testcase name="TC0005" classname="HomePageTest" time="3.525"/>
  <testcase name="TC0006" classname="HomePageTest" time="6.317">
    <system-err><![CDATA[console.warn: LoginRecipes: "Falling back to a synchronous message for: https://www.amazon.com.tr."
console.warn: LoginRecipes: "Falling back to a synchronous message for: https://www.amazon.com.tr."
console.warn: LoginRecipes: "Falling back to a synchronous message for: https://www.amazon.com.tr."
]]></system-err>
  </testcase>
  <testcase name="TC0007" classname="HomePageTest" time="22.146">
    <system-out><![CDATA[Sepete Eklendi
Amazon sepetiniz boş.
]]></system-out>
    <system-err><![CDATA[console.warn: LoginRecipes: "Falling back to a synchronous message for: https://www.amazon.com.tr."
console.warn: LoginRecipes: "Falling back to a synchronous message for: https://www.amazon.com.tr."
console.warn: LoginRecipes: "Falling back to a synchronous message for: https://www.amazon.com.tr."
console.warn: LoginRecipes: "Falling back to a synchronous message for: https://www.amazon.com.tr."
console.warn: LoginRecipes: "Falling back to a synchronous message for: https://www.amazon.com.tr."
console.warn: LoginRecipes: "Falling back to a synchronous message for: https://www.amazon.com.tr."
console.warn: LoginRecipes: "Falling back to a synchronous message for: https://www.amazon.com.tr."
console.warn: LoginRecipes: "Falling back to a synchronous message for: https://www.amazon.com.tr."
console.warn: LoginRecipes: "Falling back to a synchronous message for: https://www.amazon.com.tr."
]]></system-err>
  </testcase>
  <testcase name="TC0008" classname="SignInTest" time="10.895">
    <system-out><![CDATA[Yeni müşteri misiniz? Üye olun.
]]></system-out>
    <system-err><![CDATA[console.warn: LoginRecipes: "Falling back to a synchronous message for: https://www.amazon.com.tr."
JavaScript warning: https://images-eu.ssl-images-amazon.com/images/I/81Vsezt3E-L.js?AUIClients/FWCIMAssets, line 298: WEBGL_debug_renderer_info is deprecated in Firefox and will be removed. Please use RENDERER.
]]></system-err>
  </testcase>
  <testcase name="TC0009" classname="SignInTest" time="10.399">
    <system-out><![CDATA[Yeni müşteri misiniz? Üye olun.
E-posta adresinizi veya cep telefonu numaranızı girin
]]></system-out>
    <system-err><![CDATA[console.warn: LoginRecipes: "Falling back to a synchronous message for: https://www.amazon.com.tr."
console.warn: LoginRecipes: "Falling back to a synchronous message for: https://www.amazon.com.tr."
JavaScript warning: https://images-eu.ssl-images-amazon.com/images/I/81Vsezt3E-L.js?AUIClients/FWCIMAssets, line 298: WEBGL_debug_renderer_info is deprecated in Firefox and will be removed. Please use RENDERER.
]]></system-err>
  </testcase>
  <testcase name="TC0010" classname="SignInTest" time="11.048">
    <system-out><![CDATA[Yeni müşteri misiniz? Üye olun.
]]></system-out>
    <system-err><![CDATA[console.warn: LoginRecipes: "Falling back to a synchronous message for: https://www.amazon.com.tr."
JavaScript warning: https://images-eu.ssl-images-amazon.com/images/I/81Vsezt3E-L.js?AUIClients/FWCIMAssets, line 298: WEBGL_debug_renderer_info is deprecated in Firefox and will be removed. Please use RENDERER.
console.warn: LoginRecipes: "Falling back to a synchronous message for: https://www.amazon.com.tr."
console.warn: LoginRecipes: "Falling back to a synchronous message for: https://www.amazon.com.tr."
console.warn: LoginRecipes: "Falling back to a synchronous message for: https://www.amazon.com.tr."
]]></system-err>
  </testcase>
  <testcase name="TC0011" classname="SignInTest" time="12.064">
    <system-out><![CDATA[Yeni müşteri misiniz? Üye olun.
]]></system-out>
    <system-err><![CDATA[console.warn: LoginRecipes: "Falling back to a synchronous message for: https://www.amazon.com.tr."
JavaScript warning: https://images-eu.ssl-images-amazon.com/images/I/81Vsezt3E-L.js?AUIClients/FWCIMAssets, line 298: WEBGL_debug_renderer_info is deprecated in Firefox and will be removed. Please use RENDERER.
console.warn: LoginRecipes: "Falling back to a synchronous message for: https://www.amazon.com.tr."
]]></system-err>
  </testcase>
  <testcase name="TC0012" classname="SignInTest" time="13.737">
    <system-out><![CDATA[Yeni müşteri misiniz? Üye olun.
]]></system-out>
    <system-err><![CDATA[JavaScript warning: https://images-eu.ssl-images-amazon.com/images/I/81Vsezt3E-L.js?AUIClients/FWCIMAssets, line 298: WEBGL_debug_renderer_info is deprecated in Firefox and will be removed. Please use RENDERER.
]]></system-err>
  </testcase>
  <testcase name="TC0013" classname="SignInTest" time="26.52">
    <system-out><![CDATA[Amazon sepetiniz boş.
]]></system-out>
    <system-err><![CDATA[JavaScript warning: https://images-eu.ssl-images-amazon.com/images/I/81YGDJprg3L._RC|41wvSXeCNFL.js_.js?AUIClients/InContextAuthBaseAssets, line 298: WEBGL_debug_renderer_info is deprecated in Firefox and will be removed. Please use RENDERER.
]]></system-err>
  </testcase>
  <testcase name="TC0014" classname="SignInTest" time="4.403"/>
</testsuite>