<?xml version="1.0" encoding="UTF-8"?>
<!-- Generated by org.testng.reporters.JUnitReportReporter -->
<testsuite hostname="veli-esen" failures="0" tests="7" name="HomePageTest" time="54.553" errors="0" timestamp="2023-06-13T11:30:25 TRT" skipped="0">
  <testcase classname="HomePageTest" name="TC0005" time="3.512"/>
  <system-out/>
  <testcase classname="HomePageTest" name="TC0004" time="6.819"/>
  <system-out/>
  <testcase classname="HomePageTest" name="TC0001" time="3.298"/>
  <system-out/>
  <testcase classname="HomePageTest" name="TC0006" time="6.317"/>
  <system-out/>
  <testcase classname="HomePageTest" name="TC0003" time="4.866"/>
  <system-out/>
  <testcase classname="HomePageTest" name="TC0007" time="22.143"/>
  <system-out/>
  <testcase classname="HomePageTest" name="TC0002" time="7.598"/>
  <system-out/>
</testsuite> <!-- HomePageTest -->
