<?xml version="1.0" encoding="UTF-8"?>
<!-- Generated by org.testng.reporters.JUnitReportReporter -->
<testsuite hostname="veli-esen" failures="0" tests="7" name="SignInTest" time="89.052" errors="0" timestamp="2023-06-13T11:30:25 TRT" skipped="0">
  <testcase classname="SignInTest" name="TC0011" time="12.062"/>
  <system-out/>
  <testcase classname="SignInTest" name="TC0009" time="10.398"/>
  <system-out/>
  <testcase classname="SignInTest" name="TC0008" time="10.892"/>
  <system-out/>
  <testcase classname="SignInTest" name="TC0013" time="26.518"/>
  <system-out/>
  <testcase classname="SignInTest" name="TC0012" time="13.736"/>
  <system-out/>
  <testcase classname="SignInTest" name="TC0010" time="11.046"/>
  <system-out/>
  <testcase classname="SignInTest" name="TC0014" time="4.400"/>
  <system-out/>
</testsuite> <!-- SignInTest -->
