<?xml version="1.0" encoding="UTF-8"?>
<!-- Generated by org.testng.reporters.JUnitReportReporter -->
<testsuite hostname="veli-esen" failures="0" tests="4" name="AccountPageTest" time="17.482" errors="0" timestamp="2023-06-13T11:30:25 TRT" skipped="0">
  <testcase classname="AccountPageTest" name="TC0018" time="4.438"/>
  <system-out/>
  <testcase classname="AccountPageTest" name="TC0016" time="4.383"/>
  <system-out/>
  <testcase classname="AccountPageTest" name="TC0017" time="4.347"/>
  <system-out/>
  <testcase classname="AccountPageTest" name="TC0015" time="4.314"/>
  <system-out/>
</testsuite> <!-- AccountPageTest -->
